<?xml version="1.0" encoding="UTF-8"?>
<!-- Generated by org.testng.reporters.JUnitReportReporter -->
<testsuite skipped="0" hostname="DESKTOP-UGOGKRP" name="executor.Demo1" tests="2" failures="0" timestamp="07 Dec 2017 15:58:47 GMT" time="19.184" errors="0">
  <testcase name="test2" time="13.862" classname="executor.Demo1"/>
  <testcase name="test1" time="5.322" classname="executor.Demo1"/>
</testsuite> <!-- executor.Demo1 -->
